<?xml version='1.0' encoding='UTF-8'?>
<testsuite hostname="ketra-PC" name="PluginManagerTest" tests="1" errors="0" failures="0" skipped="0" time="0.08" timestamp="2019-02-12T20:33:18">
                     <properties>
[...]
</properties>
                     <testcase classname="PluginManagerTest" name="retrieve all plugins at once" time="0.08">
                                                 
                                               </testcase>
                     <system-out><![CDATA[]]></system-out>
                     <system-err><![CDATA[]]></system-err>
                   </testsuite>